<?xml version="1.0" encoding="UTF-8"?>
<!-- Generated by org.testng.reporters.JUnitReportReporter -->
<testsuite hostname="DESKTOP-VMIRMDG" failures="1" tests="4" name="RunnerFile.TestRunner" time="53.125" errors="1" timestamp="2023-12-06T15:08:57 IST" skipped="0">
  <testcase classname="RunnerFile.TestRunner" name="runScenario" time="18.783"/>
  <testcase classname="RunnerFile.TestRunner" name="runScenario" time="15.213"/>
  <testcase classname="RunnerFile.TestRunner" name="runScenario" time="15.476">
    <failure message="expected [No data] but found [Beetroot]" type="java.lang.AssertionError">
      <![CDATA[java.lang.AssertionError: expected [No data] but found [Beetroot]
at org.testng.Assert.fail(Assert.java:111)
at org.testng.Assert.failNotEquals(Assert.java:1578)
at org.testng.Assert.assertEqualsImpl(Assert.java:150)
at org.testng.Assert.assertEquals(Assert.java:132)
at org.testng.Assert.assertEquals(Assert.java:656)
at org.testng.Assert.assertEquals(Assert.java:666)
at StepDefinations.DealPageSearch.i_search_usting_short_name_and_should_be_able_to_mach_both_results(DealPageSearch.java:46)
at ✽.I search usting short name Beet and should be able to mach both results(file:///C:/Automation/ptc02/src/test/java/FeatureFiles/VerifySearchResults.feature:9)
]]>
    </failure>
  </testcase> <!-- runScenario -->
  <testcase classname="RunnerFile.TestRunner" name="runScenario" time="3.653">
    <error message="Cannot invoke &quot;PageObjects.LandingPage.getlogo()&quot; because &quot;this.LP&quot; is null" type="java.lang.NullPointerException">
      <![CDATA[java.lang.NullPointerException: Cannot invoke "PageObjects.LandingPage.getlogo()" because "this.LP" is null
at StepDefinations.LandingPageSearch.i_should_be_able_match_the_logo(LandingPageSearch.java:83)
at ✽.i should be able match the logo(file:///C:/Automation/ptc02/src/test/java/FeatureFiles/PurchaseItems.feature:21)
]]>
    </error>
  </testcase> <!-- runScenario -->
</testsuite> <!-- RunnerFile.TestRunner -->
